<?xml version="1.0" encoding="UTF-8"?>
<!-- Generated by org.testng.reporters.JUnitReportReporter -->
<testsuite hostname="DESKTOP-V2PQ0RU" failures="0" tests="3" name="com.tutorialsninja.qa.testcases.Search" time="13.555" errors="0" timestamp="2024-08-04T14:16:19 IST" skipped="0">
  <testcase classname="com.tutorialsninja.qa.testcases.Search" name="verifySearchWithValidProduct" time="4.628"/>
  <testcase classname="com.tutorialsninja.qa.testcases.Search" name="verifySearchWithInvalidProduct" time="4.674"/>
  <testcase classname="com.tutorialsninja.qa.testcases.Search" name="verifySearchWithoutAnyProduct" time="4.253"/>
</testsuite> <!-- com.tutorialsninja.qa.testcases.Search -->
