<?xml version="1.0" encoding="UTF-8"?>
<!-- Generated by org.testng.reporters.JUnitReportReporter -->
<testsuite hostname="DESKTOP-V2PQ0RU" failures="0" tests="7" name="com.tutorialsninja.qa.testcases.Login" time="43.338" errors="0" timestamp="2024-08-04T20:29:10 IST" skipped="0">
  <testcase classname="com.tutorialsninja.qa.testcases.Login" name="verifyLoginWithValidCredentials" time="5.922"/>
  <testcase classname="com.tutorialsninja.qa.testcases.Login" name="verifyLoginWithValidCredentials" time="6.397"/>
  <testcase classname="com.tutorialsninja.qa.testcases.Login" name="verifyLoginWithValidCredentials" time="5.846"/>
  <testcase classname="com.tutorialsninja.qa.testcases.Login" name="verifyLoginWithInvalidCredentials" time="8.590"/>
  <testcase classname="com.tutorialsninja.qa.testcases.Login" name="verifyLoginWithInvalidEmailAndValidPassword" time="5.757"/>
  <testcase classname="com.tutorialsninja.qa.testcases.Login" name="verifyLoginWithValidEmailAndInvalidPassword" time="6.275"/>
  <testcase classname="com.tutorialsninja.qa.testcases.Login" name="verifyLoginWithoutProvidingCredentials" time="4.551"/>
</testsuite> <!-- com.tutorialsninja.qa.testcases.Login -->
